  Form1.cpp
C:\Users\peter\OneDrive\Dokumentumok\MikroProjekt\MikroProjekt\Form1.h(283,20): warning C4101: 'ex': unreferenced local variable
  (compiling source file '/Form1.cpp')
  
C:\Users\peter\OneDrive\Dokumentumok\MikroProjekt\MikroProjekt\Form1.h(301,20): warning C4101: 'ex': unreferenced local variable
  (compiling source file '/Form1.cpp')
  
C:\Users\peter\OneDrive\Dokumentumok\MikroProjekt\MikroProjekt\Form1.h(319,20): warning C4101: 'ex': unreferenced local variable
  (compiling source file '/Form1.cpp')
  
C:\Users\peter\OneDrive\Dokumentumok\MikroProjekt\MikroProjekt\Form1.h(336,20): warning C4101: 'ex': unreferenced local variable
  (compiling source file '/Form1.cpp')
  
  WindowsForm.cpp
C:\Users\peter\OneDrive\Dokumentumok\MikroProjekt\MikroProjekt\Form1.h(283,20): warning C4101: 'ex': unreferenced local variable
  (compiling source file '/WindowsForm.cpp')
  
C:\Users\peter\OneDrive\Dokumentumok\MikroProjekt\MikroProjekt\Form1.h(301,20): warning C4101: 'ex': unreferenced local variable
  (compiling source file '/WindowsForm.cpp')
  
C:\Users\peter\OneDrive\Dokumentumok\MikroProjekt\MikroProjekt\Form1.h(319,20): warning C4101: 'ex': unreferenced local variable
  (compiling source file '/WindowsForm.cpp')
  
C:\Users\peter\OneDrive\Dokumentumok\MikroProjekt\MikroProjekt\Form1.h(336,20): warning C4101: 'ex': unreferenced local variable
  (compiling source file '/WindowsForm.cpp')
  
  Generating Code...
  AssemblyInfo.obj : MSIL module encountered; incremental linking is disabled for MSIL; performing full link
  MikroProjekt.vcxproj -> C:\Users\peter\OneDrive\Dokumentumok\MikroProjekt\x64\Debug\MikroProjekt.exe
